<?xml version="1.0" encoding="UTF-8"?>
<!-- Generated by org.testng.reporters.JUnitReportReporter -->
<testsuite hostname="DESKTOP-5VDUT0H" failures="0" tests="1" name="testscripts.FirstTest" time="17.192" errors="0" timestamp="2023-02-28T14:19:01 IST" skipped="0">
  <testcase classname="testscripts.FirstTest" name="firstTest" time="17.192"/>
  <system-out/>
</testsuite> <!-- testscripts.FirstTest -->
